  Rook.cpp
c:\users\lacho\documents\github\cppprograming_softuni\full-oop\4-chessfigure\figure.h(33): error C2039: 'string': is not a member of 'std'
  c:\users\lacho\documents\github\cppprograming_softuni\full-oop\4-chessfigure\predefined c++ types (compiler internal)(208): note: see declaration of 'std'
c:\users\lacho\documents\github\cppprograming_softuni\full-oop\4-chessfigure\figure.h(33): error C3646: 'get': unknown override specifier
c:\users\lacho\documents\github\cppprograming_softuni\full-oop\4-chessfigure\figure.h(33): error C2059: syntax error: '('
c:\users\lacho\documents\github\cppprograming_softuni\full-oop\4-chessfigure\figure.h(33): error C2238: unexpected token(s) preceding ';'
  Queen.cpp
c:\users\lacho\documents\github\cppprograming_softuni\full-oop\4-chessfigure\figure.h(33): error C2039: 'string': is not a member of 'std'
  c:\users\lacho\documents\github\cppprograming_softuni\full-oop\4-chessfigure\predefined c++ types (compiler internal)(208): note: see declaration of 'std'
c:\users\lacho\documents\github\cppprograming_softuni\full-oop\4-chessfigure\figure.h(33): error C3646: 'get': unknown override specifier
c:\users\lacho\documents\github\cppprograming_softuni\full-oop\4-chessfigure\figure.h(33): error C2059: syntax error: '('
c:\users\lacho\documents\github\cppprograming_softuni\full-oop\4-chessfigure\figure.h(33): error C2238: unexpected token(s) preceding ';'
  Pawn.cpp
c:\users\lacho\documents\github\cppprograming_softuni\full-oop\4-chessfigure\figure.h(33): error C2039: 'string': is not a member of 'std'
  c:\users\lacho\documents\github\cppprograming_softuni\full-oop\4-chessfigure\predefined c++ types (compiler internal)(208): note: see declaration of 'std'
c:\users\lacho\documents\github\cppprograming_softuni\full-oop\4-chessfigure\figure.h(33): error C3646: 'get': unknown override specifier
c:\users\lacho\documents\github\cppprograming_softuni\full-oop\4-chessfigure\figure.h(33): error C2059: syntax error: '('
c:\users\lacho\documents\github\cppprograming_softuni\full-oop\4-chessfigure\figure.h(33): error C2238: unexpected token(s) preceding ';'
  Knight.cpp
c:\users\lacho\documents\github\cppprograming_softuni\full-oop\4-chessfigure\figure.h(33): error C2039: 'string': is not a member of 'std'
  c:\users\lacho\documents\github\cppprograming_softuni\full-oop\4-chessfigure\predefined c++ types (compiler internal)(208): note: see declaration of 'std'
c:\users\lacho\documents\github\cppprograming_softuni\full-oop\4-chessfigure\figure.h(33): error C3646: 'get': unknown override specifier
c:\users\lacho\documents\github\cppprograming_softuni\full-oop\4-chessfigure\figure.h(33): error C2059: syntax error: '('
c:\users\lacho\documents\github\cppprograming_softuni\full-oop\4-chessfigure\figure.h(33): error C2238: unexpected token(s) preceding ';'
  King.cpp
c:\users\lacho\documents\github\cppprograming_softuni\full-oop\4-chessfigure\figure.h(33): error C2039: 'string': is not a member of 'std'
  c:\users\lacho\documents\github\cppprograming_softuni\full-oop\4-chessfigure\predefined c++ types (compiler internal)(208): note: see declaration of 'std'
c:\users\lacho\documents\github\cppprograming_softuni\full-oop\4-chessfigure\figure.h(33): error C3646: 'get': unknown override specifier
c:\users\lacho\documents\github\cppprograming_softuni\full-oop\4-chessfigure\figure.h(33): error C2059: syntax error: '('
c:\users\lacho\documents\github\cppprograming_softuni\full-oop\4-chessfigure\figure.h(33): error C2238: unexpected token(s) preceding ';'
  Figure.cpp
c:\users\lacho\documents\github\cppprograming_softuni\full-oop\4-chessfigure\figure.h(33): error C2039: 'string': is not a member of 'std'
  c:\users\lacho\documents\github\cppprograming_softuni\full-oop\4-chessfigure\predefined c++ types (compiler internal)(208): note: see declaration of 'std'
c:\users\lacho\documents\github\cppprograming_softuni\full-oop\4-chessfigure\figure.h(33): error C3646: 'get': unknown override specifier
c:\users\lacho\documents\github\cppprograming_softuni\full-oop\4-chessfigure\figure.h(33): error C2059: syntax error: '('
c:\users\lacho\documents\github\cppprograming_softuni\full-oop\4-chessfigure\figure.h(33): error C2238: unexpected token(s) preceding ';'
  Bishop.cpp
c:\users\lacho\documents\github\cppprograming_softuni\full-oop\4-chessfigure\figure.h(33): error C2039: 'string': is not a member of 'std'
  c:\users\lacho\documents\github\cppprograming_softuni\full-oop\4-chessfigure\predefined c++ types (compiler internal)(208): note: see declaration of 'std'
c:\users\lacho\documents\github\cppprograming_softuni\full-oop\4-chessfigure\figure.h(33): error C3646: 'get': unknown override specifier
c:\users\lacho\documents\github\cppprograming_softuni\full-oop\4-chessfigure\figure.h(33): error C2059: syntax error: '('
c:\users\lacho\documents\github\cppprograming_softuni\full-oop\4-chessfigure\figure.h(33): error C2238: unexpected token(s) preceding ';'
  Generating Code...
